<?xml version="1.0" encoding="UTF-8"?>
<!-- Generated by org.testng.reporters.JUnitReportReporter -->
<testsuite hostname="EVAPbHYoh6KVjGM" failures="0" tests="1" name="testCases.TC_AccountRegistrationTest" time="2.567" errors="0" timestamp="2024-06-25T17:00:46 IST" skipped="0">
  <testcase classname="testCases.TC_AccountRegistrationTest" name="verify_account_registration" time="2.567"/>
</testsuite> <!-- testCases.TC_AccountRegistrationTest -->
