<?xml version="1.0" encoding="UTF-8"?>
<!-- Generated by org.testng.reporters.JUnitReportReporter -->
<testsuite hostname="EVAPbHYoh6KVjGM" failures="0" tests="5" name="testCases.TC_003_LoginwithDDT" time="19.733" errors="0" timestamp="2024-06-25T10:43:56 IST" skipped="0">
  <testcase classname="testCases.TC_003_LoginwithDDT" name="verify_loginDDDT" time="1.933"/>
  <testcase classname="testCases.TC_003_LoginwithDDT" name="verify_loginDDDT" time="2.282"/>
  <testcase classname="testCases.TC_003_LoginwithDDT" name="verify_loginDDDT" time="2.119"/>
  <testcase classname="testCases.TC_003_LoginwithDDT" name="verify_loginDDDT" time="2.198"/>
  <testcase classname="testCases.TC_003_LoginwithDDT" name="verify_loginDDDT" time="11.201"/>
</testsuite> <!-- testCases.TC_003_LoginwithDDT -->
