<?xml version="1.0" encoding="UTF-8"?>
<!-- Generated by org.testng.reporters.JUnitReportReporter -->
<testsuite hostname="EVAPbHYoh6KVjGM" failures="0" tests="1" name="testCases.TC002_LoginTest" time="2.083" errors="0" timestamp="2024-06-25T17:00:46 IST" skipped="0">
  <testcase classname="testCases.TC002_LoginTest" name="verify_login" time="2.083"/>
</testsuite> <!-- testCases.TC002_LoginTest -->
