<?xml version="1.0" encoding="UTF-8"?>
<!-- Generated by org.testng.reporters.JUnitReportReporter -->
<testsuite hostname="EVAPbHYoh6KVjGM" failures="0" tests="1" name="testCases.TC002_LoginTest" time="1.583" errors="0" timestamp="2024-06-26T18:44:58 IST" skipped="0">
  <testcase classname="testCases.TC002_LoginTest" name="verify_login" time="1.583"/>
</testsuite> <!-- testCases.TC002_LoginTest -->
