<?xml version="1.0" encoding="UTF-8"?>
<!-- Generated by org.testng.reporters.JUnitReportReporter -->
<testsuite hostname="EVAPbHYoh6KVjGM" failures="0" tests="1" name="testCases.TC_AccountRegistrationTest" time="2.635" errors="0" timestamp="2024-06-26T18:44:58 IST" skipped="0">
  <testcase classname="testCases.TC_AccountRegistrationTest" name="verify_account_registration" time="2.635"/>
</testsuite> <!-- testCases.TC_AccountRegistrationTest -->
